<?xml version="1.0" encoding="UTF-8"?>
<testng-results skipped="0" failed="0" total="1" passed="1">
  <reporter-output>
  </reporter-output>
  <suite name="Example test run" duration-ms="20459" started-at="2018-06-09T06:33:38Z" finished-at="2018-06-09T06:33:58Z">
    <groups>
    </groups>
    <test name="Simple Test" duration-ms="20459" started-at="2018-06-09T06:33:38Z" finished-at="2018-06-09T06:33:58Z">
      <class name="Assesment.WeInvest.AppTest">
        <test-method status="PASS" signature="Testcase()[pri:0, instance:Assesment.WeInvest.AppTest@2f7a2457]" name="Testcase" duration-ms="20446" started-at="2018-06-09T12:03:38Z" finished-at="2018-06-09T12:03:58Z">
          <reporter-output>
          </reporter-output>
        </test-method> <!-- Testcase -->
      </class> <!-- Assesment.WeInvest.AppTest -->
    </test> <!-- Simple Test -->
  </suite> <!-- Example test run -->
</testng-results>
